# JRE version: Java(TM) SE Runtime Environment (8.0_25-b18) (build 1.8.0_25-b18)
# Java VM: Java HotSpot(TM) 64-Bit Server VM (25.25-b02 mixed mode windows-amd64 compressed oops)
Heap:
 PSYoungGen      total 2950656K, used 1215293K [0x00000006c0000000, 0x0000000782e00000, 0x00000007c0000000)
  eden space 2722304K, 42% used [0x00000006c0000000,0x00000007076f0f48,0x0000000766280000)
  from space 228352K, 19% used [0x0000000766280000,0x0000000768e5e5a8,0x0000000774180000)
  to   space 220672K, 0% used [0x0000000775680000,0x0000000775680000,0x0000000782e00000)
 ParOldGen       total 1842688K, used 1636233K [0x00000004c0000000, 0x0000000530780000, 0x00000006c0000000)
  object space 1842688K, 88% used [0x00000004c0000000,0x0000000523de25a8,0x0000000530780000)
 Metaspace       used 124905K, capacity 130027K, committed 130264K, reserved 1161216K
  class space    used 18190K, capacity 19138K, committed 19200K, reserved 1048576K
GC Heap History (10 events):
Event: 148.903 GC heap before
{Heap before GC invocations=54 (full 12):
 PSYoungGen      total 2904576K, used 687165K [0x00000006c0000000, 0x0000000782200000, 0x00000007c0000000)
  eden space 2650112K, 21% used [0x00000006c0000000,0x00000006e35602b0,0x0000000761c00000)
  from space 254464K, 42% used [0x0000000761c00000,0x00000007685af188,0x0000000771480000)
  to   space 244736K, 0% used [0x0000000773300000,0x0000000773300000,0x0000000782200000)
 ParOldGen       total 1842688K, used 1550451K [0x00000004c0000000, 0x0000000530780000, 0x00000006c0000000)
  object space 1842688K, 84% used [0x00000004c0000000,0x000000051ea1cdc0,0x0000000530780000)
 Metaspace       used 123731K, capacity 128759K, committed 128984K, reserved 1159168K
  class space    used 18161K, capacity 19084K, committed 19200K, reserved 1048576K
Event: 148.954 GC heap after
Heap after GC invocations=54 (full 12):
 PSYoungGen      total 2923520K, used 117240K [0x00000006c0000000, 0x0000000781600000, 0x00000007c0000000)
  eden space 2691072K, 0% used [0x00000006c0000000,0x00000006c0000000,0x0000000764400000)
  from space 232448K, 50% used [0x0000000773300000,0x000000077a57e188,0x0000000781600000)
  to   space 238592K, 0% used [0x0000000764400000,0x0000000764400000,0x0000000772d00000)
 ParOldGen       total 1842688K, used 1550459K [0x00000004c0000000, 0x0000000530780000, 0x00000006c0000000)
  object space 1842688K, 84% used [0x00000004c0000000,0x000000051ea1edc0,0x0000000530780000)
 Metaspace       used 123731K, capacity 128759K, committed 128984K, reserved 1159168K
  class space    used 18161K, capacity 19084K, committed 19200K, reserved 1048576K
}
Event: 148.954 GC heap before
{Heap before GC invocations=55 (full 13):
 PSYoungGen      total 2923520K, used 117240K [0x00000006c0000000, 0x0000000781600000, 0x00000007c0000000)
  eden space 2691072K, 0% used [0x00000006c0000000,0x00000006c0000000,0x0000000764400000)
  from space 232448K, 50% used [0x0000000773300000,0x000000077a57e188,0x0000000781600000)
  to   space 238592K, 0% used [0x0000000764400000,0x0000000764400000,0x0000000772d00000)
 ParOldGen       total 1842688K, used 1550459K [0x00000004c0000000, 0x0000000530780000, 0x00000006c0000000)
  object space 1842688K, 84% used [0x00000004c0000000,0x000000051ea1edc0,0x0000000530780000)
 Metaspace       used 123731K, capacity 128759K, committed 128984K, reserved 1159168K
  class space    used 18161K, capacity 19084K, committed 19200K, reserved 1048576K
Event: 151.999 GC heap after
Heap after GC invocations=55 (full 13):
 PSYoungGen      total 2923520K, used 0K [0x00000006c0000000, 0x0000000781600000, 0x00000007c0000000)
  eden space 2691072K, 0% used [0x00000006c0000000,0x00000006c0000000,0x0000000764400000)
  from space 232448K, 0% used [0x0000000773300000,0x0000000773300000,0x0000000781600000)
  to   space 238592K, 0% used [0x0000000764400000,0x0000000764400000,0x0000000772d00000)
 ParOldGen       total 1842688K, used 1636207K [0x00000004c0000000, 0x0000000530780000, 0x00000006c0000000)
  object space 1842688K, 88% used [0x00000004c0000000,0x0000000523ddbff8,0x0000000530780000)
 Metaspace       used 123731K, capacity 128759K, committed 128984K, reserved 1159168K
  class space    used 18161K, capacity 19084K, committed 19200K, reserved 1048576K
}
Event: 156.394 GC heap before
{Heap before GC invocations=56 (full 13):
 PSYoungGen      total 2923520K, used 2691072K [0x00000006c0000000, 0x0000000781600000, 0x00000007c0000000)
  eden space 2691072K, 100% used [0x00000006c0000000,0x0000000764400000,0x0000000764400000)
  from space 232448K, 0% used [0x0000000773300000,0x0000000773300000,0x0000000781600000)
  to   space 238592K, 0% used [0x0000000764400000,0x0000000764400000,0x0000000772d00000)
 ParOldGen       total 1842688K, used 1636207K [0x00000004c0000000, 0x0000000530780000, 0x00000006c0000000)
  object space 1842688K, 88% used [0x00000004c0000000,0x0000000523ddbff8,0x0000000530780000)
 Metaspace       used 124403K, capacity 129491K, committed 129752K, reserved 1159168K
  class space    used 18181K, capacity 19124K, committed 19200K, reserved 1048576K
Event: 156.409 GC heap after
Heap after GC invocations=56 (full 13):
 PSYoungGen      total 2929664K, used 31811K [0x00000006c0000000, 0x0000000783000000, 0x00000007c0000000)
  eden space 2691072K, 0% used [0x00000006c0000000,0x00000006c0000000,0x0000000764400000)
  from space 238592K, 13% used [0x0000000764400000,0x0000000766310ea8,0x0000000772d00000)
  to   space 235008K, 0% used [0x0000000774a80000,0x0000000774a80000,0x0000000783000000)
 ParOldGen       total 1842688K, used 1636215K [0x00000004c0000000, 0x0000000530780000, 0x00000006c0000000)
  object space 1842688K, 88% used [0x00000004c0000000,0x0000000523dddff8,0x0000000530780000)
 Metaspace       used 124403K, capacity 129491K, committed 129752K, reserved 1159168K
  class space    used 18181K, capacity 19124K, committed 19200K, reserved 1048576K
}
Event: 159.461 GC heap before
{Heap before GC invocations=57 (full 13):
 PSYoungGen      total 2929664K, used 2722883K [0x00000006c0000000, 0x0000000783000000, 0x00000007c0000000)
  eden space 2691072K, 100% used [0x00000006c0000000,0x0000000764400000,0x0000000764400000)
  from space 238592K, 13% used [0x0000000764400000,0x0000000766310ea8,0x0000000772d00000)
  to   space 235008K, 0% used [0x0000000774a80000,0x0000000774a80000,0x0000000783000000)
 ParOldGen       total 1842688K, used 1636216K [0x00000004c0000000, 0x0000000530780000, 0x00000006c0000000)
  object space 1842688K, 88% used [0x00000004c0000000,0x0000000523dde010,0x0000000530780000)
 Metaspace       used 124703K, capacity 129809K, committed 130008K, reserved 1161216K
  class space    used 18187K, capacity 19135K, committed 19200K, reserved 1048576K
Event: 159.475 GC heap after
Heap after GC invocations=57 (full 13):
 PSYoungGen      total 2941440K, used 40534K [0x00000006c0000000, 0x0000000782080000, 0x00000007c0000000)
  eden space 2722304K, 0% used [0x00000006c0000000,0x00000006c0000000,0x0000000766280000)
  from space 219136K, 18% used [0x0000000774a80000,0x0000000777215818,0x0000000782080000)
  to   space 228352K, 0% used [0x0000000766280000,0x0000000766280000,0x0000000774180000)
 ParOldGen       total 1842688K, used 1636224K [0x00000004c0000000, 0x0000000530780000, 0x00000006c0000000)
  object space 1842688K, 88% used [0x00000004c0000000,0x0000000523de0010,0x0000000530780000)
 Metaspace       used 124703K, capacity 129809K, committed 130008K, reserved 1161216K
  class space    used 18187K, capacity 19135K, committed 19200K, reserved 1048576K
}
Event: 162.454 GC heap before
{Heap before GC invocations=58 (full 13):
 PSYoungGen      total 2941440K, used 2762838K [0x00000006c0000000, 0x0000000782080000, 0x00000007c0000000)
  eden space 2722304K, 100% used [0x00000006c0000000,0x0000000766280000,0x0000000766280000)
  from space 219136K, 18% used [0x0000000774a80000,0x0000000777215818,0x0000000782080000)
  to   space 228352K, 0% used [0x0000000766280000,0x0000000766280000,0x0000000774180000)
 ParOldGen       total 1842688K, used 1636225K [0x00000004c0000000, 0x0000000530780000, 0x00000006c0000000)
  object space 1842688K, 88% used [0x00000004c0000000,0x0000000523de05a8,0x0000000530780000)
 Metaspace       used 124803K, capacity 129945K, committed 130264K, reserved 1161216K
  class space    used 18188K, capacity 19135K, committed 19200K, reserved 1048576K
Event: 162.468 GC heap after
Heap after GC invocations=58 (full 13):
 PSYoungGen      total 2950656K, used 44921K [0x00000006c0000000, 0x0000000782e00000, 0x00000007c0000000)
  eden space 2722304K, 0% used [0x00000006c0000000,0x00000006c0000000,0x0000000766280000)
  from space 228352K, 19% used [0x0000000766280000,0x0000000768e5e5a8,0x0000000774180000)
  to   space 220672K, 0% used [0x0000000775680000,0x0000000775680000,0x0000000782e00000)
 ParOldGen       total 1842688K, used 1636233K [0x00000004c0000000, 0x0000000530780000, 0x00000006c0000000)
  object space 1842688K, 88% used [0x00000004c0000000,0x0000000523de25a8,0x0000000530780000)
 Metaspace       used 124803K, capacity 129945K, committed 130264K, reserved 1161216K
  class space    used 18188K, capacity 19135K, committed 19200K, reserved 1048576K
}

