# JRE version: Java(TM) SE Runtime Environment (8.0_25-b18) (build 1.8.0_25-b18)
# Java VM: Java HotSpot(TM) 64-Bit Server VM (25.25-b02 mixed mode windows-amd64 compressed oops)
Heap:
 PSYoungGen      total 141824K, used 126614K [0x00000006c0000000, 0x00000006c9500000, 0x00000007c0000000)
  eden space 131072K, 88% used [0x00000006c0000000,0x00000006c712cdb8,0x00000006c8000000)
  from space 10752K, 99% used [0x00000006c8a80000,0x00000006c94f8e10,0x00000006c9500000)
  to   space 10752K, 0% used [0x00000006c8000000,0x00000006c8000000,0x00000006c8a80000)
 ParOldGen       total 175104K, used 7014K [0x00000004c0000000, 0x00000004cab00000, 0x00000006c0000000)
  object space 175104K, 4% used [0x00000004c0000000,0x00000004c06d9978,0x00000004cab00000)
 Metaspace       used 17437K, capacity 17626K, committed 17920K, reserved 1064960K
  class space    used 2159K, capacity 2231K, committed 2304K, reserved 1048576K
GC Heap History (4 events):
Event: 0.792 GC heap before
{Heap before GC invocations=1 (full 0):
 PSYoungGen      total 76288K, used 65536K [0x00000006c0000000, 0x00000006c5500000, 0x00000007c0000000)
  eden space 65536K, 100% used [0x00000006c0000000,0x00000006c4000000,0x00000006c4000000)
  from space 10752K, 0% used [0x00000006c4a80000,0x00000006c4a80000,0x00000006c5500000)
  to   space 10752K, 0% used [0x00000006c4000000,0x00000006c4000000,0x00000006c4a80000)
 ParOldGen       total 175104K, used 0K [0x00000004c0000000, 0x00000004cab00000, 0x00000006c0000000)
  object space 175104K, 0% used [0x00000004c0000000,0x00000004c0000000,0x00000004cab00000)
 Metaspace       used 13092K, capacity 13276K, committed 13568K, reserved 1060864K
  class space    used 1633K, capacity 1666K, committed 1792K, reserved 1048576K
Event: 0.801 GC heap after
Heap after GC invocations=1 (full 0):
 PSYoungGen      total 76288K, used 10751K [0x00000006c0000000, 0x00000006c9500000, 0x00000007c0000000)
  eden space 65536K, 0% used [0x00000006c0000000,0x00000006c0000000,0x00000006c4000000)
  from space 10752K, 99% used [0x00000006c4000000,0x00000006c4a7fc18,0x00000006c4a80000)
  to   space 10752K, 0% used [0x00000006c8a80000,0x00000006c8a80000,0x00000006c9500000)
 ParOldGen       total 175104K, used 851K [0x00000004c0000000, 0x00000004cab00000, 0x00000006c0000000)
  object space 175104K, 0% used [0x00000004c0000000,0x00000004c00d4cc0,0x00000004cab00000)
 Metaspace       used 13092K, capacity 13276K, committed 13568K, reserved 1060864K
  class space    used 1633K, capacity 1666K, committed 1792K, reserved 1048576K
}
Event: 1.158 GC heap before
{Heap before GC invocations=2 (full 0):
 PSYoungGen      total 76288K, used 76287K [0x00000006c0000000, 0x00000006c9500000, 0x00000007c0000000)
  eden space 65536K, 100% used [0x00000006c0000000,0x00000006c4000000,0x00000006c4000000)
  from space 10752K, 99% used [0x00000006c4000000,0x00000006c4a7fc18,0x00000006c4a80000)
  to   space 10752K, 0% used [0x00000006c8a80000,0x00000006c8a80000,0x00000006c9500000)
 ParOldGen       total 175104K, used 851K [0x00000004c0000000, 0x00000004cab00000, 0x00000006c0000000)
  object space 175104K, 0% used [0x00000004c0000000,0x00000004c00d4cc0,0x00000004cab00000)
 Metaspace       used 16260K, capacity 16442K, committed 16512K, reserved 1062912K
  class space    used 2032K, capacity 2135K, committed 2176K, reserved 1048576K
Event: 1.177 GC heap after
Heap after GC invocations=2 (full 0):
 PSYoungGen      total 141824K, used 10723K [0x00000006c0000000, 0x00000006c9500000, 0x00000007c0000000)
  eden space 131072K, 0% used [0x00000006c0000000,0x00000006c0000000,0x00000006c8000000)
  from space 10752K, 99% used [0x00000006c8a80000,0x00000006c94f8e10,0x00000006c9500000)
  to   space 10752K, 0% used [0x00000006c8000000,0x00000006c8000000,0x00000006c8a80000)
 ParOldGen       total 175104K, used 7014K [0x00000004c0000000, 0x00000004cab00000, 0x00000006c0000000)
  object space 175104K, 4% used [0x00000004c0000000,0x00000004c06d9978,0x00000004cab00000)
 Metaspace       used 16260K, capacity 16442K, committed 16512K, reserved 1062912K
  class space    used 2032K, capacity 2135K, committed 2176K, reserved 1048576K
}

